<?xml version="1.0" encoding="UTF-8"?>
<!-- Generated by org.testng.reporters.JUnitXMLReporter -->
<testsuite hostname="MacBook-Pro-3" ignored="0" name="demoTestOne" tests="9" failures="1" timestamp="30 Jul 2017 00:47:04 GMT" time="36.272" errors="0">
  <testcase name="todomvcTest1" time="6.07" classname="com.demo.testcase.demoTest"/>
  <testcase name="todomvcTest2" time="2.297" classname="com.demo.testcase.demoTest"/>
  <testcase name="todomvcTest3" time="0.271" classname="com.demo.testcase.demoTest"/>
  <testcase name="todomvcTest4" time="0.272" classname="com.demo.testcase.demoTest"/>
  <testcase name="todomvcTest5" time="2.139" classname="com.demo.testcase.demoTest"/>
  <testcase name="todomvcTest6" time="0.267" classname="com.demo.testcase.demoTest"/>
  <testcase name="todomvcTest7" time="2.202" classname="com.demo.testcase.demoTest"/>
  <testcase name="todomvcTest8" time="22.462" classname="com.demo.testcase.demoTest">
    <failure type="java.lang.AssertionError" message="Error in elementClick:org.openqa.selenium.TimeoutException: Expected condition failed: waiting for element to be clickable: By.xpath: //button[@ng-click=&amp;apos;removeTodo(todo)&amp;apos;] (tried for 20 second(s) with 500 MILLISECONDS interval)
Build info: version: &amp;apos;unknown&amp;apos;, revision: &amp;apos;unknown&amp;apos;, time: &amp;apos;unknown&amp;apos;
System info: host: &amp;apos;MacBook-Pro-3&amp;apos;, ip: &amp;apos;fe80:0:0:0:182b:568a:640e:2e33%en0&amp;apos;, os.name: &amp;apos;Mac OS X&amp;apos;, os.arch: &amp;apos;x86_64&amp;apos;, os.version: &amp;apos;10.12.5&amp;apos;, java.version: &amp;apos;1.8.0_131&amp;apos;
Driver info: org.openqa.selenium.firefox.FirefoxDriver
Capabilities [{moz:profile=/var/folders/m9/f02lyg115sgf2028w41wn2hw0000gn/T/rust_mozprofile.ctZrKzrfUJqy, rotatable=false, timeouts={implicit=0.0, pageLoad=300000.0, script=30000.0}, pageLoadStrategy=normal, platform=ANY, specificationLevel=0.0, moz:accessibilityChecks=false, acceptInsecureCerts=false, browserVersion=54.0.1, platformVersion=16.6.0, moz:processID=1962.0, browserName=firefox, javascriptEnabled=true, platformName=darwin}]
Session ID: 30746851-6dae-b447-ae22-477478e0eb69">
      <![CDATA[java.lang.AssertionError: Error in elementClick:org.openqa.selenium.TimeoutException: Expected condition failed: waiting for element to be clickable: By.xpath: //button[@ng-click='removeTodo(todo)'] (tried for 20 second(s) with 500 MILLISECONDS interval)
Build info: version: 'unknown', revision: 'unknown', time: 'unknown'
System info: host: 'MacBook-Pro-3', ip: 'fe80:0:0:0:182b:568a:640e:2e33%en0', os.name: 'Mac OS X', os.arch: 'x86_64', os.version: '10.12.5', java.version: '1.8.0_131'
Driver info: org.openqa.selenium.firefox.FirefoxDriver
Capabilities [{moz:profile=/var/folders/m9/f02lyg115sgf2028w41wn2hw0000gn/T/rust_mozprofile.ctZrKzrfUJqy, rotatable=false, timeouts={implicit=0.0, pageLoad=300000.0, script=30000.0}, pageLoadStrategy=normal, platform=ANY, specificationLevel=0.0, moz:accessibilityChecks=false, acceptInsecureCerts=false, browserVersion=54.0.1, platformVersion=16.6.0, moz:processID=1962.0, browserName=firefox, javascriptEnabled=true, platformName=darwin}]
Session ID: 30746851-6dae-b447-ae22-477478e0eb69
	at com.demo.resources.BaseTest.reportFail(BaseTest.java:137)
	at com.demo.resources.BaseTest.elementClick(BaseTest.java:94)
	at com.demo.testcase.demoTest.todomvcTest8(demoTest.java:72)
	at java.util.concurrent.FutureTask.run(FutureTask.java:266)
	at java.util.concurrent.ThreadPoolExecutor.runWorker(ThreadPoolExecutor.java:1142)
	at java.util.concurrent.ThreadPoolExecutor$Worker.run(ThreadPoolExecutor.java:617)
	at java.lang.Thread.run(Thread.java:748)
... Removed 17 stack frames]]>
    </failure>
  </testcase> <!-- todomvcTest8 -->
  <testcase name="todomvcTest9" time="0.272" classname="com.demo.testcase.demoTest"/>
</testsuite> <!-- demoTestOne -->
